2023-05-09 20:40:19 INFO  Map:21 - Map@Map | Map létrejött 

2023-05-09 20:40:19 INFO  Source:12 - source - 0@Source | source - 0 létrejött 

2023-05-09 20:40:19 INFO  Cistern:13 - cistern - 1@Cistern | cistern - 1 létrejött 

2023-05-09 20:40:19 INFO  Cistern:13 - cistern - 2@Cistern | cistern - 2 létrejött 

2023-05-09 20:40:19 INFO  Cistern:13 - cistern - 3@Cistern | cistern - 3 létrejött 

2023-05-09 20:40:19 INFO  Pipe:23 - pipe - 4@Pipe | pipe - 4 létrejött 

2023-05-09 20:40:19 INFO  Pipe:23 - pipe - 5@Pipe | pipe - 5 létrejött 

2023-05-09 20:40:19 INFO  Pipe:23 - pipe - 6@Pipe | pipe - 6 létrejött 

2023-05-09 20:40:19 INFO  Pipe:23 - pipe - 7@Pipe | pipe - 7 létrejött 

2023-05-09 20:40:19 INFO  Pipe:23 - pipe - 8@Pipe | pipe - 8 létrejött 

2023-05-09 20:40:19 INFO  Pipe:23 - pipe - 9@Pipe | pipe - 9 létrejött 

2023-05-09 20:40:19 INFO  Pipe:23 - pipe - 10@Pipe | pipe - 10 létrejött 

2023-05-09 20:40:19 INFO  Pipe:23 - pipe - 11@Pipe | pipe - 11 létrejött 

2023-05-09 20:40:19 INFO  Pipe:23 - pipe - 12@Pipe | pipe - 12 létrejött 

2023-05-09 20:40:19 INFO  Pipe:23 - pipe - 13@Pipe | pipe - 13 létrejött 

2023-05-09 20:40:19 INFO  Pipe:23 - pipe - 14@Pipe | pipe - 14 létrejött 

2023-05-09 20:40:19 INFO  Pipe:23 - pipe - 15@Pipe | pipe - 15 létrejött 

2023-05-09 20:40:19 INFO  Pipe:23 - pipe - 16@Pipe | pipe - 16 létrejött 

2023-05-09 20:40:19 INFO  Pipe:23 - pipe - 17@Pipe | pipe - 17 létrejött 

2023-05-09 20:40:19 INFO  Pipe:23 - pipe - 18@Pipe | pipe - 18 létrejött 

2023-05-09 20:40:19 INFO  Pipe:23 - pipe - 19@Pipe | pipe - 19 létrejött 

2023-05-09 20:40:19 INFO  Pipe:23 - pipe - 20@Pipe | pipe - 20 létrejött 

2023-05-09 20:40:19 INFO  Pipe:23 - pipe - 21@Pipe | pipe - 21 létrejött 

2023-05-09 20:40:19 INFO  Pipe:23 - pipe - 22@Pipe | pipe - 22 létrejött 

2023-05-09 20:40:19 INFO  Pipe:23 - pipe - 23@Pipe | pipe - 23 létrejött 

2023-05-09 20:40:19 INFO  Pipe:23 - pipe - 24@Pipe | pipe - 24 létrejött 

2023-05-09 20:40:19 INFO  Pipe:23 - pipe - 25@Pipe | pipe - 25 létrejött 

2023-05-09 20:40:19 INFO  Pipe:23 - pipe - 26@Pipe | pipe - 26 létrejött 

2023-05-09 20:40:19 INFO  Pipe:23 - pipe - 27@Pipe | pipe - 27 létrejött 

2023-05-09 20:40:19 INFO  Pipe:23 - pipe - 28@Pipe | pipe - 28 létrejött 

2023-05-09 20:40:19 INFO  Pipe:23 - pipe - 29@Pipe | pipe - 29 létrejött 

2023-05-09 20:40:19 INFO  Pump:23 - pump - 30@Pump | pump - 30 létrejött 

2023-05-09 20:40:19 INFO  Pump:23 - pump - 31@Pump | pump - 31 létrejött 

2023-05-09 20:40:19 INFO  Pump:23 - pump - 32@Pump | pump - 32 létrejött 

2023-05-09 20:40:19 INFO  Pump:23 - pump - 33@Pump | pump - 33 létrejött 

2023-05-09 20:40:19 INFO  Pump:23 - pump - 34@Pump | pump - 34 létrejött 

2023-05-09 20:40:19 INFO  Pump:23 - pump - 35@Pump | pump - 35 létrejött 

2023-05-09 20:40:19 INFO  Pump:23 - pump - 36@Pump | pump - 36 létrejött 

2023-05-09 20:40:19 INFO  Pump:23 - pump - 37@Pump | pump - 37 létrejött 

2023-05-09 20:40:19 INFO  Pump:23 - pump - 38@Pump | pump - 38 létrejött 

2023-05-09 20:40:19 INFO  Pump:23 - pump - 39@Pump | pump - 39 létrejött 

2023-05-09 20:40:19 INFO  Pump:23 - pump - 40@Pump | pump - 40 létrejött 

2023-05-09 20:40:19 INFO  Pump:23 - pump - 41@Pump | pump - 41 létrejött 

2023-05-09 20:40:19 INFO  Pump:23 - pump - 42@Pump | pump - 42 létrejött 

2023-05-09 20:40:19 INFO  Pump:23 - pump - 43@Pump | pump - 43 létrejött 

2023-05-09 20:40:19 INFO  Component:53 - source - 0@AddNeighbour | pipe - 22 hozzáadva source - 0 szomszédjához | neighbours.contains(pipe - 22): true

2023-05-09 20:40:19 INFO  Component:53 - source - 0@AddNeighbour | pipe - 28 hozzáadva source - 0 szomszédjához | neighbours.contains(pipe - 28): true

2023-05-09 20:40:19 INFO  Component:53 - source - 0@AddNeighbour | pipe - 29 hozzáadva source - 0 szomszédjához | neighbours.contains(pipe - 29): true

2023-05-09 20:40:19 INFO  Component:53 - cistern - 1@AddNeighbour | pipe - 7 hozzáadva cistern - 1 szomszédjához | neighbours.contains(pipe - 7): true

2023-05-09 20:40:19 INFO  Component:53 - cistern - 1@AddNeighbour | pipe - 8 hozzáadva cistern - 1 szomszédjához | neighbours.contains(pipe - 8): true

2023-05-09 20:40:19 INFO  Component:53 - cistern - 2@AddNeighbour | pipe - 6 hozzáadva cistern - 2 szomszédjához | neighbours.contains(pipe - 6): true

2023-05-09 20:40:19 INFO  Component:53 - cistern - 2@AddNeighbour | pipe - 5 hozzáadva cistern - 2 szomszédjához | neighbours.contains(pipe - 5): true

2023-05-09 20:40:19 INFO  Component:53 - cistern - 3@AddNeighbour | pipe - 4 hozzáadva cistern - 3 szomszédjához | neighbours.contains(pipe - 4): true

2023-05-09 20:40:19 INFO  Component:53 - pipe - 4@AddNeighbour | cistern - 3 hozzáadva pipe - 4 szomszédjához | neighbours.contains(cistern - 3): true

2023-05-09 20:40:19 INFO  Component:53 - pipe - 4@AddNeighbour | pump - 37 hozzáadva pipe - 4 szomszédjához | neighbours.contains(pump - 37): true

2023-05-09 20:40:19 INFO  Component:53 - pipe - 5@AddNeighbour | cistern - 2 hozzáadva pipe - 5 szomszédjához | neighbours.contains(cistern - 2): true

2023-05-09 20:40:19 INFO  Component:53 - pipe - 5@AddNeighbour | pump - 37 hozzáadva pipe - 5 szomszédjához | neighbours.contains(pump - 37): true

2023-05-09 20:40:19 INFO  Component:53 - pipe - 6@AddNeighbour | cistern - 2 hozzáadva pipe - 6 szomszédjához | neighbours.contains(cistern - 2): true

2023-05-09 20:40:19 INFO  Component:53 - pipe - 6@AddNeighbour | pump - 38 hozzáadva pipe - 6 szomszédjához | neighbours.contains(pump - 38): true

2023-05-09 20:40:19 INFO  Component:53 - pipe - 7@AddNeighbour | cistern - 1 hozzáadva pipe - 7 szomszédjához | neighbours.contains(cistern - 1): true

2023-05-09 20:40:19 INFO  Component:53 - pipe - 7@AddNeighbour | pump - 39 hozzáadva pipe - 7 szomszédjához | neighbours.contains(pump - 39): true

2023-05-09 20:40:19 INFO  Component:53 - pipe - 8@AddNeighbour | cistern - 1 hozzáadva pipe - 8 szomszédjához | neighbours.contains(cistern - 1): true

2023-05-09 20:40:19 INFO  Component:53 - pipe - 8@AddNeighbour | pump - 40 hozzáadva pipe - 8 szomszédjához | neighbours.contains(pump - 40): true

2023-05-09 20:40:19 INFO  Component:53 - pipe - 9@AddNeighbour | pump - 40 hozzáadva pipe - 9 szomszédjához | neighbours.contains(pump - 40): true

2023-05-09 20:40:19 INFO  Component:53 - pipe - 9@AddNeighbour | pump - 41 hozzáadva pipe - 9 szomszédjához | neighbours.contains(pump - 41): true

2023-05-09 20:40:19 INFO  Component:53 - pipe - 10@AddNeighbour | pump - 41 hozzáadva pipe - 10 szomszédjához | neighbours.contains(pump - 41): true

2023-05-09 20:40:19 INFO  Component:53 - pipe - 10@AddNeighbour | pump - 39 hozzáadva pipe - 10 szomszédjához | neighbours.contains(pump - 39): true

2023-05-09 20:40:19 INFO  Component:53 - pipe - 11@AddNeighbour | pump - 39 hozzáadva pipe - 11 szomszédjához | neighbours.contains(pump - 39): true

2023-05-09 20:40:19 INFO  Component:53 - pipe - 11@AddNeighbour | pump - 43 hozzáadva pipe - 11 szomszédjához | neighbours.contains(pump - 43): true

2023-05-09 20:40:19 INFO  Component:53 - pipe - 12@AddNeighbour | pump - 43 hozzáadva pipe - 12 szomszédjához | neighbours.contains(pump - 43): true

2023-05-09 20:40:19 INFO  Component:53 - pipe - 12@AddNeighbour | pump - 38 hozzáadva pipe - 12 szomszédjához | neighbours.contains(pump - 38): true

2023-05-09 20:40:19 INFO  Component:53 - pipe - 13@AddNeighbour | pump - 38 hozzáadva pipe - 13 szomszédjához | neighbours.contains(pump - 38): true

2023-05-09 20:40:19 INFO  Component:53 - pipe - 13@AddNeighbour | pump - 35 hozzáadva pipe - 13 szomszédjához | neighbours.contains(pump - 35): true

2023-05-09 20:40:19 INFO  Component:53 - pipe - 14@AddNeighbour | pump - 38 hozzáadva pipe - 14 szomszédjához | neighbours.contains(pump - 38): true

2023-05-09 20:40:19 INFO  Component:53 - pipe - 14@AddNeighbour | pump - 31 hozzáadva pipe - 14 szomszédjához | neighbours.contains(pump - 31): true

2023-05-09 20:40:19 INFO  Component:53 - pipe - 15@AddNeighbour | pump - 37 hozzáadva pipe - 15 szomszédjához | neighbours.contains(pump - 37): true

2023-05-09 20:40:19 INFO  Component:53 - pipe - 15@AddNeighbour | pump - 35 hozzáadva pipe - 15 szomszédjához | neighbours.contains(pump - 35): true

2023-05-09 20:40:19 INFO  Component:53 - pipe - 16@AddNeighbour | pump - 37 hozzáadva pipe - 16 szomszédjához | neighbours.contains(pump - 37): true

2023-05-09 20:40:19 INFO  Component:53 - pipe - 16@AddNeighbour | pump - 36 hozzáadva pipe - 16 szomszédjához | neighbours.contains(pump - 36): true

2023-05-09 20:40:19 INFO  Component:53 - pipe - 17@AddNeighbour | pump - 36 hozzáadva pipe - 17 szomszédjához | neighbours.contains(pump - 36): true

2023-05-09 20:40:19 INFO  Component:53 - pipe - 17@AddNeighbour | pump - 33 hozzáadva pipe - 17 szomszédjához | neighbours.contains(pump - 33): true

2023-05-09 20:40:19 INFO  Component:53 - pipe - 18@AddNeighbour | pump - 36 hozzáadva pipe - 18 szomszédjához | neighbours.contains(pump - 36): true

2023-05-09 20:40:19 INFO  Component:53 - pipe - 18@AddNeighbour | pump - 34 hozzáadva pipe - 18 szomszédjához | neighbours.contains(pump - 34): true

2023-05-09 20:40:19 INFO  Component:53 - pipe - 19@AddNeighbour | pump - 34 hozzáadva pipe - 19 szomszédjához | neighbours.contains(pump - 34): true

2023-05-09 20:40:19 INFO  Component:53 - pipe - 19@AddNeighbour | pump - 33 hozzáadva pipe - 19 szomszédjához | neighbours.contains(pump - 33): true

2023-05-09 20:40:19 INFO  Component:53 - pipe - 20@AddNeighbour | pump - 34 hozzáadva pipe - 20 szomszédjához | neighbours.contains(pump - 34): true

2023-05-09 20:40:19 INFO  Component:53 - pipe - 20@AddNeighbour | pump - 35 hozzáadva pipe - 20 szomszédjához | neighbours.contains(pump - 35): true

2023-05-09 20:40:19 INFO  Component:53 - pipe - 21@AddNeighbour | pump - 33 hozzáadva pipe - 21 szomszédjához | neighbours.contains(pump - 33): true

2023-05-09 20:40:19 INFO  Component:53 - pipe - 21@AddNeighbour | pump - 31 hozzáadva pipe - 21 szomszédjához | neighbours.contains(pump - 31): true

2023-05-09 20:40:19 INFO  Component:53 - pipe - 22@AddNeighbour | source - 0 hozzáadva pipe - 22 szomszédjához | neighbours.contains(source - 0): true

2023-05-09 20:40:19 INFO  Component:53 - pipe - 22@AddNeighbour | pump - 33 hozzáadva pipe - 22 szomszédjához | neighbours.contains(pump - 33): true

2023-05-09 20:40:19 INFO  Component:53 - pipe - 23@AddNeighbour | pump - 31 hozzáadva pipe - 23 szomszédjához | neighbours.contains(pump - 31): true

2023-05-09 20:40:19 INFO  Component:53 - pipe - 23@AddNeighbour | pump - 32 hozzáadva pipe - 23 szomszédjához | neighbours.contains(pump - 32): true

2023-05-09 20:40:19 INFO  Component:53 - pipe - 24@AddNeighbour | pump - 32 hozzáadva pipe - 24 szomszédjához | neighbours.contains(pump - 32): true

2023-05-09 20:40:19 INFO  Component:53 - pipe - 24@AddNeighbour | pump - 43 hozzáadva pipe - 24 szomszédjához | neighbours.contains(pump - 43): true

2023-05-09 20:40:19 INFO  Component:53 - pipe - 25@AddNeighbour | pump - 32 hozzáadva pipe - 25 szomszédjához | neighbours.contains(pump - 32): true

2023-05-09 20:40:19 INFO  Component:53 - pipe - 25@AddNeighbour | pump - 42 hozzáadva pipe - 25 szomszédjához | neighbours.contains(pump - 42): true

2023-05-09 20:40:19 INFO  Component:53 - pipe - 26@AddNeighbour | pump - 42 hozzáadva pipe - 26 szomszédjához | neighbours.contains(pump - 42): true

2023-05-09 20:40:19 INFO  Component:53 - pipe - 26@AddNeighbour | pump - 43 hozzáadva pipe - 26 szomszédjához | neighbours.contains(pump - 43): true

2023-05-09 20:40:19 INFO  Component:53 - pipe - 27@AddNeighbour | pump - 42 hozzáadva pipe - 27 szomszédjához | neighbours.contains(pump - 42): true

2023-05-09 20:40:19 INFO  Component:53 - pipe - 27@AddNeighbour | pump - 30 hozzáadva pipe - 27 szomszédjához | neighbours.contains(pump - 30): true

2023-05-09 20:40:19 INFO  Component:53 - pipe - 28@AddNeighbour | source - 0 hozzáadva pipe - 28 szomszédjához | neighbours.contains(source - 0): true

2023-05-09 20:40:19 INFO  Component:53 - pipe - 28@AddNeighbour | pump - 32 hozzáadva pipe - 28 szomszédjához | neighbours.contains(pump - 32): true

2023-05-09 20:40:19 INFO  Component:53 - pipe - 29@AddNeighbour | source - 0 hozzáadva pipe - 29 szomszédjához | neighbours.contains(source - 0): true

2023-05-09 20:40:19 INFO  Component:53 - pipe - 29@AddNeighbour | pump - 30 hozzáadva pipe - 29 szomszédjához | neighbours.contains(pump - 30): true

2023-05-09 20:40:19 INFO  Component:53 - pump - 30@AddNeighbour | pipe - 29 hozzáadva pump - 30 szomszédjához | neighbours.contains(pipe - 29): true

2023-05-09 20:40:19 INFO  Component:53 - pump - 30@AddNeighbour | pipe - 27 hozzáadva pump - 30 szomszédjához | neighbours.contains(pipe - 27): true

2023-05-09 20:40:19 INFO  Component:53 - pump - 31@AddNeighbour | pipe - 14 hozzáadva pump - 31 szomszédjához | neighbours.contains(pipe - 14): true

2023-05-09 20:40:19 INFO  Component:53 - pump - 31@AddNeighbour | pipe - 21 hozzáadva pump - 31 szomszédjához | neighbours.contains(pipe - 21): true

2023-05-09 20:40:19 INFO  Component:53 - pump - 31@AddNeighbour | pipe - 23 hozzáadva pump - 31 szomszédjához | neighbours.contains(pipe - 23): true

2023-05-09 20:40:19 INFO  Component:53 - pump - 32@AddNeighbour | pipe - 23 hozzáadva pump - 32 szomszédjához | neighbours.contains(pipe - 23): true

2023-05-09 20:40:19 INFO  Component:53 - pump - 32@AddNeighbour | pipe - 24 hozzáadva pump - 32 szomszédjához | neighbours.contains(pipe - 24): true

2023-05-09 20:40:19 INFO  Component:53 - pump - 32@AddNeighbour | pipe - 25 hozzáadva pump - 32 szomszédjához | neighbours.contains(pipe - 25): true

2023-05-09 20:40:19 INFO  Component:53 - pump - 32@AddNeighbour | pipe - 28 hozzáadva pump - 32 szomszédjához | neighbours.contains(pipe - 28): true

2023-05-09 20:40:19 INFO  Component:53 - pump - 33@AddNeighbour | pipe - 17 hozzáadva pump - 33 szomszédjához | neighbours.contains(pipe - 17): true

2023-05-09 20:40:19 INFO  Component:53 - pump - 33@AddNeighbour | pipe - 19 hozzáadva pump - 33 szomszédjához | neighbours.contains(pipe - 19): true

2023-05-09 20:40:19 INFO  Component:53 - pump - 33@AddNeighbour | pipe - 21 hozzáadva pump - 33 szomszédjához | neighbours.contains(pipe - 21): true

2023-05-09 20:40:19 INFO  Component:53 - pump - 33@AddNeighbour | pipe - 22 hozzáadva pump - 33 szomszédjához | neighbours.contains(pipe - 22): true

2023-05-09 20:40:19 INFO  Component:53 - pump - 34@AddNeighbour | pipe - 18 hozzáadva pump - 34 szomszédjához | neighbours.contains(pipe - 18): true

2023-05-09 20:40:19 INFO  Component:53 - pump - 34@AddNeighbour | pipe - 19 hozzáadva pump - 34 szomszédjához | neighbours.contains(pipe - 19): true

2023-05-09 20:40:19 INFO  Component:53 - pump - 34@AddNeighbour | pipe - 20 hozzáadva pump - 34 szomszédjához | neighbours.contains(pipe - 20): true

2023-05-09 20:40:19 INFO  Component:53 - pump - 35@AddNeighbour | pipe - 13 hozzáadva pump - 35 szomszédjához | neighbours.contains(pipe - 13): true

2023-05-09 20:40:19 INFO  Component:53 - pump - 35@AddNeighbour | pipe - 15 hozzáadva pump - 35 szomszédjához | neighbours.contains(pipe - 15): true

2023-05-09 20:40:19 INFO  Component:53 - pump - 35@AddNeighbour | pipe - 20 hozzáadva pump - 35 szomszédjához | neighbours.contains(pipe - 20): true

2023-05-09 20:40:19 INFO  Component:53 - pump - 36@AddNeighbour | pipe - 16 hozzáadva pump - 36 szomszédjához | neighbours.contains(pipe - 16): true

2023-05-09 20:40:19 INFO  Component:53 - pump - 36@AddNeighbour | pipe - 17 hozzáadva pump - 36 szomszédjához | neighbours.contains(pipe - 17): true

2023-05-09 20:40:19 INFO  Component:53 - pump - 36@AddNeighbour | pipe - 18 hozzáadva pump - 36 szomszédjához | neighbours.contains(pipe - 18): true

2023-05-09 20:40:19 INFO  Component:53 - pump - 37@AddNeighbour | pipe - 4 hozzáadva pump - 37 szomszédjához | neighbours.contains(pipe - 4): true

2023-05-09 20:40:19 INFO  Component:53 - pump - 37@AddNeighbour | pipe - 5 hozzáadva pump - 37 szomszédjához | neighbours.contains(pipe - 5): true

2023-05-09 20:40:19 INFO  Component:53 - pump - 37@AddNeighbour | pipe - 15 hozzáadva pump - 37 szomszédjához | neighbours.contains(pipe - 15): true

2023-05-09 20:40:19 INFO  Component:53 - pump - 37@AddNeighbour | pipe - 16 hozzáadva pump - 37 szomszédjához | neighbours.contains(pipe - 16): true

2023-05-09 20:40:19 INFO  Component:53 - pump - 38@AddNeighbour | pipe - 6 hozzáadva pump - 38 szomszédjához | neighbours.contains(pipe - 6): true

2023-05-09 20:40:19 INFO  Component:53 - pump - 38@AddNeighbour | pipe - 12 hozzáadva pump - 38 szomszédjához | neighbours.contains(pipe - 12): true

2023-05-09 20:40:19 INFO  Component:53 - pump - 38@AddNeighbour | pipe - 13 hozzáadva pump - 38 szomszédjához | neighbours.contains(pipe - 13): true

2023-05-09 20:40:19 INFO  Component:53 - pump - 38@AddNeighbour | pipe - 14 hozzáadva pump - 38 szomszédjához | neighbours.contains(pipe - 14): true

2023-05-09 20:40:19 INFO  Component:53 - pump - 39@AddNeighbour | pipe - 7 hozzáadva pump - 39 szomszédjához | neighbours.contains(pipe - 7): true

2023-05-09 20:40:19 INFO  Component:53 - pump - 39@AddNeighbour | pipe - 10 hozzáadva pump - 39 szomszédjához | neighbours.contains(pipe - 10): true

2023-05-09 20:40:19 INFO  Component:53 - pump - 39@AddNeighbour | pipe - 11 hozzáadva pump - 39 szomszédjához | neighbours.contains(pipe - 11): true

2023-05-09 20:40:19 INFO  Component:53 - pump - 40@AddNeighbour | pipe - 8 hozzáadva pump - 40 szomszédjához | neighbours.contains(pipe - 8): true

2023-05-09 20:40:19 INFO  Component:53 - pump - 40@AddNeighbour | pipe - 9 hozzáadva pump - 40 szomszédjához | neighbours.contains(pipe - 9): true

2023-05-09 20:40:19 INFO  Component:53 - pump - 41@AddNeighbour | pipe - 9 hozzáadva pump - 41 szomszédjához | neighbours.contains(pipe - 9): true

2023-05-09 20:40:19 INFO  Component:53 - pump - 41@AddNeighbour | pipe - 10 hozzáadva pump - 41 szomszédjához | neighbours.contains(pipe - 10): true

2023-05-09 20:40:19 INFO  Component:53 - pump - 42@AddNeighbour | pipe - 25 hozzáadva pump - 42 szomszédjához | neighbours.contains(pipe - 25): true

2023-05-09 20:40:19 INFO  Component:53 - pump - 42@AddNeighbour | pipe - 26 hozzáadva pump - 42 szomszédjához | neighbours.contains(pipe - 26): true

2023-05-09 20:40:19 INFO  Component:53 - pump - 42@AddNeighbour | pipe - 27 hozzáadva pump - 42 szomszédjához | neighbours.contains(pipe - 27): true

2023-05-09 20:40:19 INFO  Component:53 - pump - 43@AddNeighbour | pipe - 11 hozzáadva pump - 43 szomszédjához | neighbours.contains(pipe - 11): true

2023-05-09 20:40:19 INFO  Component:53 - pump - 43@AddNeighbour | pipe - 12 hozzáadva pump - 43 szomszédjához | neighbours.contains(pipe - 12): true

2023-05-09 20:40:19 INFO  Component:53 - pump - 43@AddNeighbour | pipe - 24 hozzáadva pump - 43 szomszédjához | neighbours.contains(pipe - 24): true

2023-05-09 20:40:19 INFO  Component:53 - pump - 43@AddNeighbour | pipe - 26 hozzáadva pump - 43 szomszédjához | neighbours.contains(pipe - 26): true

2023-05-09 20:40:19 INFO  Component:11 - Saboteur - 0@Saboteur | Saboteur - 0 létrejött 

2023-05-09 20:40:19 INFO  Component:43 - pump - 33@AddPlayer | Saboteur - 0 rálépett a pump - 33-ra/re | onComponent.contains(Saboteur - 0): true

2023-05-09 20:41:12 INFO  Pipe:361 - pipe - 4@GetWater | A pipe - 4-ben ennyi víz van: 0

2023-05-09 20:41:12 INFO  Pipe:361 - pipe - 5@GetWater | A pipe - 5-ben ennyi víz van: 0

2023-05-09 20:41:12 INFO  Pipe:361 - pipe - 6@GetWater | A pipe - 6-ben ennyi víz van: 0

2023-05-09 20:41:12 INFO  Pipe:361 - pipe - 7@GetWater | A pipe - 7-ben ennyi víz van: 0

2023-05-09 20:41:12 INFO  Pipe:361 - pipe - 8@GetWater | A pipe - 8-ben ennyi víz van: 0

2023-05-09 20:41:12 INFO  Pipe:361 - pipe - 9@GetWater | A pipe - 9-ben ennyi víz van: 0

2023-05-09 20:41:12 INFO  Pipe:361 - pipe - 10@GetWater | A pipe - 10-ben ennyi víz van: 0

2023-05-09 20:41:12 INFO  Pipe:361 - pipe - 11@GetWater | A pipe - 11-ben ennyi víz van: 0

2023-05-09 20:41:12 INFO  Pipe:361 - pipe - 12@GetWater | A pipe - 12-ben ennyi víz van: 0

2023-05-09 20:41:12 INFO  Pipe:361 - pipe - 13@GetWater | A pipe - 13-ben ennyi víz van: 0

2023-05-09 20:41:12 INFO  Pipe:361 - pipe - 14@GetWater | A pipe - 14-ben ennyi víz van: 0

2023-05-09 20:41:12 INFO  Pipe:361 - pipe - 15@GetWater | A pipe - 15-ben ennyi víz van: 0

2023-05-09 20:41:12 INFO  Pipe:361 - pipe - 16@GetWater | A pipe - 16-ben ennyi víz van: 0

2023-05-09 20:41:12 INFO  Pipe:361 - pipe - 17@GetWater | A pipe - 17-ben ennyi víz van: 0

2023-05-09 20:41:12 INFO  Pipe:361 - pipe - 18@GetWater | A pipe - 18-ben ennyi víz van: 0

2023-05-09 20:41:12 INFO  Pipe:361 - pipe - 19@GetWater | A pipe - 19-ben ennyi víz van: 0

2023-05-09 20:41:12 INFO  Pipe:361 - pipe - 20@GetWater | A pipe - 20-ben ennyi víz van: 0

2023-05-09 20:41:12 INFO  Pipe:361 - pipe - 21@GetWater | A pipe - 21-ben ennyi víz van: 0

2023-05-09 20:41:12 INFO  Pipe:353 - pipe - 22@GetWater | A pipe - 22-ben ennyi víz van: 2

2023-05-09 20:41:12 INFO  Pipe:361 - pipe - 23@GetWater | A pipe - 23-ben ennyi víz van: 0

2023-05-09 20:41:12 INFO  Pipe:361 - pipe - 24@GetWater | A pipe - 24-ben ennyi víz van: 0

2023-05-09 20:41:12 INFO  Pipe:361 - pipe - 25@GetWater | A pipe - 25-ben ennyi víz van: 0

2023-05-09 20:41:12 INFO  Pipe:361 - pipe - 26@GetWater | A pipe - 26-ben ennyi víz van: 0

2023-05-09 20:41:12 INFO  Pipe:361 - pipe - 27@GetWater | A pipe - 27-ben ennyi víz van: 0

2023-05-09 20:41:12 INFO  Pipe:353 - pipe - 28@GetWater | A pipe - 28-ben ennyi víz van: 2

2023-05-09 20:41:12 INFO  Pipe:353 - pipe - 29@GetWater | A pipe - 29-ben ennyi víz van: 2

2023-05-09 20:42:06 INFO  Pipe:361 - pipe - 4@GetWater | A pipe - 4-ben ennyi víz van: 0

2023-05-09 20:42:06 INFO  Pipe:361 - pipe - 5@GetWater | A pipe - 5-ben ennyi víz van: 0

2023-05-09 20:42:06 INFO  Pipe:361 - pipe - 6@GetWater | A pipe - 6-ben ennyi víz van: 0

2023-05-09 20:42:06 INFO  Pipe:361 - pipe - 7@GetWater | A pipe - 7-ben ennyi víz van: 0

2023-05-09 20:42:06 INFO  Pipe:361 - pipe - 8@GetWater | A pipe - 8-ben ennyi víz van: 0

2023-05-09 20:42:06 INFO  Pipe:361 - pipe - 9@GetWater | A pipe - 9-ben ennyi víz van: 0

2023-05-09 20:42:06 INFO  Pipe:361 - pipe - 10@GetWater | A pipe - 10-ben ennyi víz van: 0

2023-05-09 20:42:06 INFO  Pipe:361 - pipe - 11@GetWater | A pipe - 11-ben ennyi víz van: 0

2023-05-09 20:42:06 INFO  Pipe:361 - pipe - 12@GetWater | A pipe - 12-ben ennyi víz van: 0

2023-05-09 20:42:06 INFO  Pipe:361 - pipe - 13@GetWater | A pipe - 13-ben ennyi víz van: 0

2023-05-09 20:42:06 INFO  Pipe:361 - pipe - 14@GetWater | A pipe - 14-ben ennyi víz van: 0

2023-05-09 20:42:06 INFO  Pipe:361 - pipe - 15@GetWater | A pipe - 15-ben ennyi víz van: 0

2023-05-09 20:42:06 INFO  Pipe:361 - pipe - 16@GetWater | A pipe - 16-ben ennyi víz van: 0

2023-05-09 20:42:06 INFO  Pipe:361 - pipe - 17@GetWater | A pipe - 17-ben ennyi víz van: 0

2023-05-09 20:42:06 INFO  Pipe:361 - pipe - 18@GetWater | A pipe - 18-ben ennyi víz van: 0

2023-05-09 20:42:06 INFO  Pipe:361 - pipe - 19@GetWater | A pipe - 19-ben ennyi víz van: 0

2023-05-09 20:42:06 INFO  Pipe:361 - pipe - 20@GetWater | A pipe - 20-ben ennyi víz van: 0

2023-05-09 20:42:06 INFO  Pipe:361 - pipe - 21@GetWater | A pipe - 21-ben ennyi víz van: 0

2023-05-09 20:42:06 INFO  Pipe:353 - pipe - 22@GetWater | A pipe - 22-ben ennyi víz van: 2

2023-05-09 20:42:06 INFO  Pipe:361 - pipe - 23@GetWater | A pipe - 23-ben ennyi víz van: 0

2023-05-09 20:42:06 INFO  Pipe:361 - pipe - 24@GetWater | A pipe - 24-ben ennyi víz van: 0

2023-05-09 20:42:06 INFO  Pipe:361 - pipe - 25@GetWater | A pipe - 25-ben ennyi víz van: 0

2023-05-09 20:42:06 INFO  Pipe:361 - pipe - 26@GetWater | A pipe - 26-ben ennyi víz van: 0

2023-05-09 20:42:06 INFO  Pipe:361 - pipe - 27@GetWater | A pipe - 27-ben ennyi víz van: 0

2023-05-09 20:42:06 INFO  Pipe:353 - pipe - 28@GetWater | A pipe - 28-ben ennyi víz van: 2

2023-05-09 20:42:06 INFO  Pipe:353 - pipe - 29@GetWater | A pipe - 29-ben ennyi víz van: 2

2023-05-09 20:42:34 INFO  Pipe:30 - pipe - 19@Accept | pipe - 19 ra/re ráléphetnek?  | onComponent.isEmpty(): true

2023-05-09 20:42:34 INFO  Component:43 - pipe - 19@AddPlayer | Saboteur - 0 rálépett a pipe - 19-ra/re | onComponent.contains(Saboteur - 0): true

2023-05-09 20:42:34 INFO  Component:35 - pump - 33@RemovePlayer | Saboteur - 0 lelépett a pump - 33-ról/ről | onComponent.contains(Saboteur - 0): false

2023-05-09 20:42:34 INFO  Pump:195 - pump - 33@Step | Saboteur@11531931  játékos pipe - 19-re szeretne lépni | rá tudott lépni 

2023-05-09 20:42:34 INFO  Pipe:361 - pipe - 4@GetWater | A pipe - 4-ben ennyi víz van: 0

2023-05-09 20:42:34 INFO  Pipe:361 - pipe - 5@GetWater | A pipe - 5-ben ennyi víz van: 0

2023-05-09 20:42:34 INFO  Pipe:361 - pipe - 6@GetWater | A pipe - 6-ben ennyi víz van: 0

2023-05-09 20:42:34 INFO  Pipe:361 - pipe - 7@GetWater | A pipe - 7-ben ennyi víz van: 0

2023-05-09 20:42:34 INFO  Pipe:361 - pipe - 8@GetWater | A pipe - 8-ben ennyi víz van: 0

2023-05-09 20:42:34 INFO  Pipe:361 - pipe - 9@GetWater | A pipe - 9-ben ennyi víz van: 0

2023-05-09 20:42:34 INFO  Pipe:361 - pipe - 10@GetWater | A pipe - 10-ben ennyi víz van: 0

2023-05-09 20:42:34 INFO  Pipe:361 - pipe - 11@GetWater | A pipe - 11-ben ennyi víz van: 0

2023-05-09 20:42:34 INFO  Pipe:361 - pipe - 12@GetWater | A pipe - 12-ben ennyi víz van: 0

2023-05-09 20:42:34 INFO  Pipe:361 - pipe - 13@GetWater | A pipe - 13-ben ennyi víz van: 0

2023-05-09 20:42:34 INFO  Pipe:361 - pipe - 14@GetWater | A pipe - 14-ben ennyi víz van: 0

2023-05-09 20:42:34 INFO  Pipe:361 - pipe - 15@GetWater | A pipe - 15-ben ennyi víz van: 0

2023-05-09 20:42:34 INFO  Pipe:361 - pipe - 16@GetWater | A pipe - 16-ben ennyi víz van: 0

2023-05-09 20:42:34 INFO  Pipe:361 - pipe - 17@GetWater | A pipe - 17-ben ennyi víz van: 0

2023-05-09 20:42:34 INFO  Pipe:361 - pipe - 18@GetWater | A pipe - 18-ben ennyi víz van: 0

2023-05-09 20:42:34 INFO  Pipe:361 - pipe - 19@GetWater | A pipe - 19-ben ennyi víz van: 0

2023-05-09 20:42:34 INFO  Pipe:361 - pipe - 20@GetWater | A pipe - 20-ben ennyi víz van: 0

2023-05-09 20:42:34 INFO  Pipe:361 - pipe - 21@GetWater | A pipe - 21-ben ennyi víz van: 0

2023-05-09 20:42:34 INFO  Pipe:353 - pipe - 22@GetWater | A pipe - 22-ben ennyi víz van: 2

2023-05-09 20:42:34 INFO  Pipe:361 - pipe - 23@GetWater | A pipe - 23-ben ennyi víz van: 0

2023-05-09 20:42:34 INFO  Pipe:361 - pipe - 24@GetWater | A pipe - 24-ben ennyi víz van: 0

2023-05-09 20:42:34 INFO  Pipe:361 - pipe - 25@GetWater | A pipe - 25-ben ennyi víz van: 0

2023-05-09 20:42:34 INFO  Pipe:361 - pipe - 26@GetWater | A pipe - 26-ben ennyi víz van: 0

2023-05-09 20:42:34 INFO  Pipe:361 - pipe - 27@GetWater | A pipe - 27-ben ennyi víz van: 0

2023-05-09 20:42:34 INFO  Pipe:353 - pipe - 28@GetWater | A pipe - 28-ben ennyi víz van: 2

2023-05-09 20:42:34 INFO  Pipe:353 - pipe - 29@GetWater | A pipe - 29-ben ennyi víz van: 2

